8월 27, 2018 11:05:18 오전 com.orientechnologies.common.log.OLogManager log
정보: Configuration of usage of soft references inside of containers of results of SQL execution
8월 27, 2018 11:05:18 오전 com.orientechnologies.common.log.OLogManager log
정보: Initial or maximum values of heap memory usage are NOT set, containers of results of SQL executors will NOT use soft references by default
8월 27, 2018 11:05:18 오전 com.orientechnologies.common.log.OLogManager log
정보: Auto configuration of disk cache size.
8월 27, 2018 11:05:18 오전 com.orientechnologies.common.log.OLogManager log
정보: Disk cache size is directly set by the user to the 64 mb
8월 27, 2018 11:05:18 오전 com.orientechnologies.common.log.OLogManager log
경고: Unable to determine the amount of MaxDirectMemorySize.
java.lang.ClassNotFoundException: sun.misc.VM
	at java.base/java.net.URLClassLoader.findClass(URLClassLoader.java:466)
	at java.base/java.lang.ClassLoader.loadClass(ClassLoader.java:563)
	at java.base/java.lang.ClassLoader.loadClass(ClassLoader.java:496)
	at java.base/java.lang.Class.forName0(Native Method)
	at java.base/java.lang.Class.forName(Class.java:292)
	at com.orientechnologies.common.util.OMemory.getConfiguredMaxDirectMemory(OMemory.java:74)
	at com.orientechnologies.common.util.OMemory.checkDirectMemoryConfiguration(OMemory.java:103)
	at com.orientechnologies.orient.core.engine.OMemoryAndLocalPaginatedEnginesInitializer.initialize(OMemoryAndLocalPaginatedEnginesInitializer.java:64)
	at com.orientechnologies.orient.core.engine.local.OEngineLocalPaginated.startup(OEngineLocalPaginated.java:56)
	at com.orientechnologies.orient.core.Orient.startEngine(Orient.java:930)
	at com.orientechnologies.orient.core.Orient.loadStorage(Orient.java:523)
	at com.orientechnologies.orient.core.db.document.ODatabaseDocumentTx.<init>(ODatabaseDocumentTx.java:173)
	at com.orientechnologies.orient.core.db.OPartitionedDatabasePool$DatabaseDocumentTxPooled.<init>(OPartitionedDatabasePool.java:428)
	at com.orientechnologies.orient.core.db.OPartitionedDatabasePool$DatabaseDocumentTxPooled.<init>(OPartitionedDatabasePool.java:424)
	at com.orientechnologies.orient.core.db.OPartitionedDatabasePool.initQueue(OPartitionedDatabasePool.java:358)
	at com.orientechnologies.orient.core.db.OPartitionedDatabasePool.<init>(OPartitionedDatabasePool.java:117)
	at com.tinkerpop.blueprints.impls.orient.OrientGraphFactory.<init>(OrientGraphFactory.java:174)
	at com.tinkerpop.blueprints.impls.orient.OrientGraphFactory.<init>(OrientGraphFactory.java:155)
	at com.tinkerpop.blueprints.impls.orient.OrientGraphFactory.<init>(OrientGraphFactory.java:131)
	at org.ensime.indexer.graph.GraphService.db$lzycompute(GraphService.scala:172)
	at org.ensime.indexer.graph.GraphService.db(GraphService.scala:163)
	at org.ensime.indexer.graph.GraphService.knownFiles(GraphService.scala:223)
	at org.ensime.indexer.SearchService.refresh(SearchService.scala:235)
	at org.ensime.core.Project.preStart(Project.scala:109)
	at akka.actor.Actor.aroundPreStart(Actor.scala:528)
	at akka.actor.Actor.aroundPreStart$(Actor.scala:528)
	at org.ensime.core.Project.aroundPreStart(Project.scala:28)
	at akka.actor.ActorCell.create(ActorCell.scala:654)
	at akka.actor.ActorCell.invokeAll$1(ActorCell.scala:525)
	at akka.actor.ActorCell.systemInvoke(ActorCell.scala:547)
	at akka.dispatch.Mailbox.processAllSystemMessages(Mailbox.scala:282)
	at akka.dispatch.Mailbox.run(Mailbox.scala:223)
	at akka.dispatch.Mailbox.exec(Mailbox.scala:234)
	at akka.dispatch.forkjoin.ForkJoinTask.doExec(ForkJoinTask.java:260)
	at akka.dispatch.forkjoin.ForkJoinPool$WorkQueue.runTask(ForkJoinPool.java:1339)
	at akka.dispatch.forkjoin.ForkJoinPool.runWorker(ForkJoinPool.java:1979)
	at akka.dispatch.forkjoin.ForkJoinWorkerThread.run(ForkJoinWorkerThread.java:107)

8월 27, 2018 11:05:18 오전 com.orientechnologies.common.log.OLogManager log
경고: MaxDirectMemorySize JVM option is not set or has invalid value, that may cause out of memory errors. Please set the -XX:MaxDirectMemorySize=32709m option when you start the JVM.
8월 27, 2018 11:05:18 오전 com.orientechnologies.common.log.OLogManager log
경고: Unable to determine the amount of MaxDirectMemorySize.
java.lang.ClassNotFoundException: sun.misc.VM
	at java.base/java.net.URLClassLoader.findClass(URLClassLoader.java:466)
	at java.base/java.lang.ClassLoader.loadClass(ClassLoader.java:563)
	at java.base/java.lang.ClassLoader.loadClass(ClassLoader.java:496)
	at java.base/java.lang.Class.forName0(Native Method)
	at java.base/java.lang.Class.forName(Class.java:292)
	at com.orientechnologies.common.util.OMemory.getConfiguredMaxDirectMemory(OMemory.java:74)
	at com.orientechnologies.common.util.OMemory.checkByteBufferPoolConfiguration(OMemory.java:150)
	at com.orientechnologies.orient.core.engine.OMemoryAndLocalPaginatedEnginesInitializer.initialize(OMemoryAndLocalPaginatedEnginesInitializer.java:65)
	at com.orientechnologies.orient.core.engine.local.OEngineLocalPaginated.startup(OEngineLocalPaginated.java:56)
	at com.orientechnologies.orient.core.Orient.startEngine(Orient.java:930)
	at com.orientechnologies.orient.core.Orient.loadStorage(Orient.java:523)
	at com.orientechnologies.orient.core.db.document.ODatabaseDocumentTx.<init>(ODatabaseDocumentTx.java:173)
	at com.orientechnologies.orient.core.db.OPartitionedDatabasePool$DatabaseDocumentTxPooled.<init>(OPartitionedDatabasePool.java:428)
	at com.orientechnologies.orient.core.db.OPartitionedDatabasePool$DatabaseDocumentTxPooled.<init>(OPartitionedDatabasePool.java:424)
	at com.orientechnologies.orient.core.db.OPartitionedDatabasePool.initQueue(OPartitionedDatabasePool.java:358)
	at com.orientechnologies.orient.core.db.OPartitionedDatabasePool.<init>(OPartitionedDatabasePool.java:117)
	at com.tinkerpop.blueprints.impls.orient.OrientGraphFactory.<init>(OrientGraphFactory.java:174)
	at com.tinkerpop.blueprints.impls.orient.OrientGraphFactory.<init>(OrientGraphFactory.java:155)
	at com.tinkerpop.blueprints.impls.orient.OrientGraphFactory.<init>(OrientGraphFactory.java:131)
	at org.ensime.indexer.graph.GraphService.db$lzycompute(GraphService.scala:172)
	at org.ensime.indexer.graph.GraphService.db(GraphService.scala:163)
	at org.ensime.indexer.graph.GraphService.knownFiles(GraphService.scala:223)
	at org.ensime.indexer.SearchService.refresh(SearchService.scala:235)
	at org.ensime.core.Project.preStart(Project.scala:109)
	at akka.actor.Actor.aroundPreStart(Actor.scala:528)
	at akka.actor.Actor.aroundPreStart$(Actor.scala:528)
	at org.ensime.core.Project.aroundPreStart(Project.scala:28)
	at akka.actor.ActorCell.create(ActorCell.scala:654)
	at akka.actor.ActorCell.invokeAll$1(ActorCell.scala:525)
	at akka.actor.ActorCell.systemInvoke(ActorCell.scala:547)
	at akka.dispatch.Mailbox.processAllSystemMessages(Mailbox.scala:282)
	at akka.dispatch.Mailbox.run(Mailbox.scala:223)
	at akka.dispatch.Mailbox.exec(Mailbox.scala:234)
	at akka.dispatch.forkjoin.ForkJoinTask.doExec(ForkJoinTask.java:260)
	at akka.dispatch.forkjoin.ForkJoinPool$WorkQueue.runTask(ForkJoinPool.java:1339)
	at akka.dispatch.forkjoin.ForkJoinPool.runWorker(ForkJoinPool.java:1979)
	at akka.dispatch.forkjoin.ForkJoinWorkerThread.run(ForkJoinWorkerThread.java:107)

8월 27, 2018 11:05:18 오전 com.orientechnologies.common.log.OLogManager log
경고: The configured memory chunk size (2147483647 bytes) is larger than the configured maximum cache size (67108864 bytes). That may cause overallocation of a memory which will be wasted, please tune the configuration up. Use the storage.diskCache.bufferSize OrientDB option to raise the cache memory size or memory.chunk.size OrientDB option to lower memory chunk size.
8월 27, 2018 11:05:18 오전 com.orientechnologies.common.log.OLogManager log
경고: Unable to determine the amount of MaxDirectMemorySize.
java.lang.ClassNotFoundException: sun.misc.VM
	at java.base/java.net.URLClassLoader.findClass(URLClassLoader.java:466)
	at java.base/java.lang.ClassLoader.loadClass(ClassLoader.java:563)
	at java.base/java.lang.ClassLoader.loadClass(ClassLoader.java:496)
	at java.base/java.lang.Class.forName0(Native Method)
	at java.base/java.lang.Class.forName(Class.java:292)
	at com.orientechnologies.common.util.OMemory.getConfiguredMaxDirectMemory(OMemory.java:74)
	at com.orientechnologies.common.util.OMemory.checkCacheMemoryConfiguration(OMemory.java:127)
	at com.orientechnologies.orient.core.engine.OMemoryAndLocalPaginatedEnginesInitializer.initialize(OMemoryAndLocalPaginatedEnginesInitializer.java:66)
	at com.orientechnologies.orient.core.engine.local.OEngineLocalPaginated.startup(OEngineLocalPaginated.java:56)
	at com.orientechnologies.orient.core.Orient.startEngine(Orient.java:930)
	at com.orientechnologies.orient.core.Orient.loadStorage(Orient.java:523)
	at com.orientechnologies.orient.core.db.document.ODatabaseDocumentTx.<init>(ODatabaseDocumentTx.java:173)
	at com.orientechnologies.orient.core.db.OPartitionedDatabasePool$DatabaseDocumentTxPooled.<init>(OPartitionedDatabasePool.java:428)
	at com.orientechnologies.orient.core.db.OPartitionedDatabasePool$DatabaseDocumentTxPooled.<init>(OPartitionedDatabasePool.java:424)
	at com.orientechnologies.orient.core.db.OPartitionedDatabasePool.initQueue(OPartitionedDatabasePool.java:358)
	at com.orientechnologies.orient.core.db.OPartitionedDatabasePool.<init>(OPartitionedDatabasePool.java:117)
	at com.tinkerpop.blueprints.impls.orient.OrientGraphFactory.<init>(OrientGraphFactory.java:174)
	at com.tinkerpop.blueprints.impls.orient.OrientGraphFactory.<init>(OrientGraphFactory.java:155)
	at com.tinkerpop.blueprints.impls.orient.OrientGraphFactory.<init>(OrientGraphFactory.java:131)
	at org.ensime.indexer.graph.GraphService.db$lzycompute(GraphService.scala:172)
	at org.ensime.indexer.graph.GraphService.db(GraphService.scala:163)
	at org.ensime.indexer.graph.GraphService.knownFiles(GraphService.scala:223)
	at org.ensime.indexer.SearchService.refresh(SearchService.scala:235)
	at org.ensime.core.Project.preStart(Project.scala:109)
	at akka.actor.Actor.aroundPreStart(Actor.scala:528)
	at akka.actor.Actor.aroundPreStart$(Actor.scala:528)
	at org.ensime.core.Project.aroundPreStart(Project.scala:28)
	at akka.actor.ActorCell.create(ActorCell.scala:654)
	at akka.actor.ActorCell.invokeAll$1(ActorCell.scala:525)
	at akka.actor.ActorCell.systemInvoke(ActorCell.scala:547)
	at akka.dispatch.Mailbox.processAllSystemMessages(Mailbox.scala:282)
	at akka.dispatch.Mailbox.run(Mailbox.scala:223)
	at akka.dispatch.Mailbox.exec(Mailbox.scala:234)
	at akka.dispatch.forkjoin.ForkJoinTask.doExec(ForkJoinTask.java:260)
	at akka.dispatch.forkjoin.ForkJoinPool$WorkQueue.runTask(ForkJoinPool.java:1339)
	at akka.dispatch.forkjoin.ForkJoinPool.runWorker(ForkJoinPool.java:1979)
	at akka.dispatch.forkjoin.ForkJoinWorkerThread.run(ForkJoinWorkerThread.java:107)

8월 27, 2018 11:05:18 오전 com.orientechnologies.common.log.OLogManager log
경고: Unable to determine the amount of MaxDirectMemorySize.
java.lang.ClassNotFoundException: sun.misc.VM
	at java.base/java.net.URLClassLoader.findClass(URLClassLoader.java:466)
	at java.base/java.lang.ClassLoader.loadClass(ClassLoader.java:563)
	at java.base/java.lang.ClassLoader.loadClass(ClassLoader.java:496)
	at java.base/java.lang.Class.forName0(Native Method)
	at java.base/java.lang.Class.forName(Class.java:292)
	at com.orientechnologies.common.util.OMemory.getConfiguredMaxDirectMemory(OMemory.java:74)
	at com.orientechnologies.common.util.OMemory.fixCommonConfigurationProblems(OMemory.java:174)
	at com.orientechnologies.orient.core.engine.OMemoryAndLocalPaginatedEnginesInitializer.initialize(OMemoryAndLocalPaginatedEnginesInitializer.java:68)
	at com.orientechnologies.orient.core.engine.local.OEngineLocalPaginated.startup(OEngineLocalPaginated.java:56)
	at com.orientechnologies.orient.core.Orient.startEngine(Orient.java:930)
	at com.orientechnologies.orient.core.Orient.loadStorage(Orient.java:523)
	at com.orientechnologies.orient.core.db.document.ODatabaseDocumentTx.<init>(ODatabaseDocumentTx.java:173)
	at com.orientechnologies.orient.core.db.OPartitionedDatabasePool$DatabaseDocumentTxPooled.<init>(OPartitionedDatabasePool.java:428)
	at com.orientechnologies.orient.core.db.OPartitionedDatabasePool$DatabaseDocumentTxPooled.<init>(OPartitionedDatabasePool.java:424)
	at com.orientechnologies.orient.core.db.OPartitionedDatabasePool.initQueue(OPartitionedDatabasePool.java:358)
	at com.orientechnologies.orient.core.db.OPartitionedDatabasePool.<init>(OPartitionedDatabasePool.java:117)
	at com.tinkerpop.blueprints.impls.orient.OrientGraphFactory.<init>(OrientGraphFactory.java:174)
	at com.tinkerpop.blueprints.impls.orient.OrientGraphFactory.<init>(OrientGraphFactory.java:155)
	at com.tinkerpop.blueprints.impls.orient.OrientGraphFactory.<init>(OrientGraphFactory.java:131)
	at org.ensime.indexer.graph.GraphService.db$lzycompute(GraphService.scala:172)
	at org.ensime.indexer.graph.GraphService.db(GraphService.scala:163)
	at org.ensime.indexer.graph.GraphService.knownFiles(GraphService.scala:223)
	at org.ensime.indexer.SearchService.refresh(SearchService.scala:235)
	at org.ensime.core.Project.preStart(Project.scala:109)
	at akka.actor.Actor.aroundPreStart(Actor.scala:528)
	at akka.actor.Actor.aroundPreStart$(Actor.scala:528)
	at org.ensime.core.Project.aroundPreStart(Project.scala:28)
	at akka.actor.ActorCell.create(ActorCell.scala:654)
	at akka.actor.ActorCell.invokeAll$1(ActorCell.scala:525)
	at akka.actor.ActorCell.systemInvoke(ActorCell.scala:547)
	at akka.dispatch.Mailbox.processAllSystemMessages(Mailbox.scala:282)
	at akka.dispatch.Mailbox.run(Mailbox.scala:223)
	at akka.dispatch.Mailbox.exec(Mailbox.scala:234)
	at akka.dispatch.forkjoin.ForkJoinTask.doExec(ForkJoinTask.java:260)
	at akka.dispatch.forkjoin.ForkJoinPool$WorkQueue.runTask(ForkJoinPool.java:1339)
	at akka.dispatch.forkjoin.ForkJoinPool.runWorker(ForkJoinPool.java:1979)
	at akka.dispatch.forkjoin.ForkJoinWorkerThread.run(ForkJoinWorkerThread.java:107)

8월 27, 2018 11:05:18 오전 com.orientechnologies.common.log.OLogManager log
정보: Lowering memory chunk size from 2,147,483,647B to 67,108,864B.
8월 27, 2018 11:05:18 오전 com.orientechnologies.common.log.OLogManager log
경고: Unable to determine the amount of MaxDirectMemorySize.
java.lang.ClassNotFoundException: sun.misc.VM
	at java.base/java.net.URLClassLoader.findClass(URLClassLoader.java:466)
	at java.base/java.lang.ClassLoader.loadClass(ClassLoader.java:563)
	at java.base/java.lang.ClassLoader.loadClass(ClassLoader.java:496)
	at java.base/java.lang.Class.forName0(Native Method)
	at java.base/java.lang.Class.forName(Class.java:292)
	at com.orientechnologies.common.util.OMemory.getConfiguredMaxDirectMemory(OMemory.java:74)
	at com.orientechnologies.common.util.OMemory.fixCommonConfigurationProblems(OMemory.java:174)
	at com.orientechnologies.common.directmemory.OByteBufferPool$InstanceHolder.<clinit>(OByteBufferPool.java:850)
	at com.orientechnologies.common.directmemory.OByteBufferPool.instance(OByteBufferPool.java:101)
	at com.orientechnologies.orient.core.engine.local.OEngineLocalPaginated.startup(OEngineLocalPaginated.java:64)
	at com.orientechnologies.orient.core.Orient.startEngine(Orient.java:930)
	at com.orientechnologies.orient.core.Orient.loadStorage(Orient.java:523)
	at com.orientechnologies.orient.core.db.document.ODatabaseDocumentTx.<init>(ODatabaseDocumentTx.java:173)
	at com.orientechnologies.orient.core.db.OPartitionedDatabasePool$DatabaseDocumentTxPooled.<init>(OPartitionedDatabasePool.java:428)
	at com.orientechnologies.orient.core.db.OPartitionedDatabasePool$DatabaseDocumentTxPooled.<init>(OPartitionedDatabasePool.java:424)
	at com.orientechnologies.orient.core.db.OPartitionedDatabasePool.initQueue(OPartitionedDatabasePool.java:358)
	at com.orientechnologies.orient.core.db.OPartitionedDatabasePool.<init>(OPartitionedDatabasePool.java:117)
	at com.tinkerpop.blueprints.impls.orient.OrientGraphFactory.<init>(OrientGraphFactory.java:174)
	at com.tinkerpop.blueprints.impls.orient.OrientGraphFactory.<init>(OrientGraphFactory.java:155)
	at com.tinkerpop.blueprints.impls.orient.OrientGraphFactory.<init>(OrientGraphFactory.java:131)
	at org.ensime.indexer.graph.GraphService.db$lzycompute(GraphService.scala:172)
	at org.ensime.indexer.graph.GraphService.db(GraphService.scala:163)
	at org.ensime.indexer.graph.GraphService.knownFiles(GraphService.scala:223)
	at org.ensime.indexer.SearchService.refresh(SearchService.scala:235)
	at org.ensime.core.Project.preStart(Project.scala:109)
	at akka.actor.Actor.aroundPreStart(Actor.scala:528)
	at akka.actor.Actor.aroundPreStart$(Actor.scala:528)
	at org.ensime.core.Project.aroundPreStart(Project.scala:28)
	at akka.actor.ActorCell.create(ActorCell.scala:654)
	at akka.actor.ActorCell.invokeAll$1(ActorCell.scala:525)
	at akka.actor.ActorCell.systemInvoke(ActorCell.scala:547)
	at akka.dispatch.Mailbox.processAllSystemMessages(Mailbox.scala:282)
	at akka.dispatch.Mailbox.run(Mailbox.scala:223)
	at akka.dispatch.Mailbox.exec(Mailbox.scala:234)
	at akka.dispatch.forkjoin.ForkJoinTask.doExec(ForkJoinTask.java:260)
	at akka.dispatch.forkjoin.ForkJoinPool$WorkQueue.runTask(ForkJoinPool.java:1339)
	at akka.dispatch.forkjoin.ForkJoinPool.runWorker(ForkJoinPool.java:1979)
	at akka.dispatch.forkjoin.ForkJoinWorkerThread.run(ForkJoinWorkerThread.java:107)

8월 27, 2018 11:05:18 오전 com.orientechnologies.common.log.OLogManager log
경고: $ANSI{green {db=graph-2.0.5}} Storage 'graph-2.0.5' was not closed properly. Will try to recover from write ahead log...
8월 27, 2018 11:05:18 오전 com.orientechnologies.common.log.OLogManager log
정보: $ANSI{green {db=graph-2.0.5}} Looking for last checkpoint...
8월 27, 2018 11:05:18 오전 com.orientechnologies.common.log.OLogManager log
정보: $ANSI{green {db=graph-2.0.5}} FULL checkpoint found.
8월 27, 2018 11:05:18 오전 com.orientechnologies.common.log.OLogManager log
정보: $ANSI{green {db=graph-2.0.5}} Data restore procedure from full checkpoint is started. Restore is performed from LSN LSN{segment=0, position=28}
8월 27, 2018 11:05:18 오전 com.orientechnologies.common.log.OLogManager log
경고: $ANSI{green {db=graph-2.0.5}} Record com.orientechnologies.orient.core.storage.impl.local.paginated.wal.OCheckpointEndRecord{lsn=LSN{segment=0, position=36}} will be skipped during data restore
8월 27, 2018 11:05:18 오전 com.orientechnologies.common.log.OLogManager log
정보: $ANSI{green {db=graph-2.0.5}} 1 operations were processed, current LSN is LSN{segment=0, position=36} last LSN is LSN{segment=0, position=36}
8월 27, 2018 11:05:19 오전 com.orientechnologies.common.log.OLogManager log
정보: $ANSI{green {db=graph-2.0.5}} Storage data recover was completed
8월 27, 2018 11:05:19 오전 com.orientechnologies.common.log.OLogManager log
정보: Storage 'plocal:C:\workspace\pty-sample\.ensime_cache\graph-2.0.5' is opened under OrientDB distribution : 2.2.33 (build 77584cd6827f647cf4aa231cf27bd6f10bc04e2c, branch 2.2.x)
